<?xml version="1.0" encoding="UTF-8"?>
<testsuite name="edu.jsu.mcis.ConnectFourTest" tests="5" skipped="0" failures="0" errors="0" timestamp="2014-09-23T19:52:03" hostname="Nikkis-MacBook-Pro.local" time="0.011">
  <properties/>
  <testcase name="testRedWinVerticallyInCenterColumn" classname="edu.jsu.mcis.ConnectFourTest" time="0.008"/>
  <testcase name="testNewGameShouldHaveAllEmptyColumns" classname="edu.jsu.mcis.ConnectFourTest" time="0.0"/>
  <testcase name="testDropFirstTokenInCenterShouldBeRedAndThenSecondTokenInCenterShouldBeBlack" classname="edu.jsu.mcis.ConnectFourTest" time="0.0"/>
  <testcase name="testFillSecondColumnFromLeftShouldLeaveNoAbilityToDropToken" classname="edu.jsu.mcis.ConnectFourTest" time="0.001"/>
  <testcase name="testBlackWinHorizontallyInSecondRowFromBottom" classname="edu.jsu.mcis.ConnectFourTest" time="0.001"/>
  <system-out><![CDATA[]]></system-out>
  <system-err><![CDATA[]]></system-err>
</testsuite>
